Assembler report for CII_Starter_USB_API
Thu Mar 06 21:08:15 2014
Quartus II Version 11.0 Build 208 07/03/2011 Service Pack 1 SJ Web Edition


---------------------
; Table of Contents ;
---------------------
  1. Legal Notice
  2. Assembler Summary
  3. Assembler Settings
  4. Assembler Generated Files
  5. Assembler Device Options: C:/Users/localadmin/Desktop/Spectroscopy/FPGA/CII_Starter_USB_API.sof
  6. Assembler Device Options: C:/Users/localadmin/Desktop/Spectroscopy/FPGA/CII_Starter_USB_API.pof
  7. Assembler Messages



----------------
; Legal Notice ;
----------------
Copyright (C) 1991-2011 Altera Corporation
Your use of Altera Corporation's design tools, logic functions 
and other software and tools, and its AMPP partner logic 
functions, and any output files from any of the foregoing 
(including device programming or simulation files), and any 
associated documentation or information are expressly subject 
to the terms and conditions of the Altera Program License 
Subscription Agreement, Altera MegaCore Function License 
Agreement, or other applicable license agreement, including, 
without limitation, that your use is for the sole purpose of 
programming logic devices manufactured by Altera and sold by 
Altera or its authorized distributors.  Please refer to the 
applicable agreement for further details.



+---------------------------------------------------------------+
; Assembler Summary                                             ;
+-----------------------+---------------------------------------+
; Assembler Status      ; Successful - Thu Mar 06 21:08:15 2014 ;
; Revision Name         ; CII_Starter_USB_API                   ;
; Top-level Entity Name ; CPU                                   ;
; Family                ; Cyclone II                            ;
; Device                ; EP2C20F484C7                          ;
+-----------------------+---------------------------------------+


+--------------------------------------------------------------------------------------------------------+
; Assembler Settings                                                                                     ;
+-----------------------------------------------------------------------------+----------+---------------+
; Option                                                                      ; Setting  ; Default Value ;
+-----------------------------------------------------------------------------+----------+---------------+
; Use smart compilation                                                       ; On       ; Off           ;
; Configuration device                                                        ; Epcs4    ; Auto          ;
; Enable parallel Assembler and TimeQuest Timing Analyzer during compilation  ; On       ; On            ;
; Enable compact report table                                                 ; Off      ; Off           ;
; Generate compressed bitstreams                                              ; On       ; On            ;
; Compression mode                                                            ; Off      ; Off           ;
; Clock source for configuration device                                       ; Internal ; Internal      ;
; Clock frequency of the configuration device                                 ; 10 MHZ   ; 10 MHz        ;
; Divide clock frequency by                                                   ; 1        ; 1             ;
; Auto user code                                                              ; Off      ; Off           ;
; Use configuration device                                                    ; On       ; On            ;
; Configuration device auto user code                                         ; Off      ; Off           ;
; Generate Tabular Text File (.ttf) For Target Device                         ; Off      ; Off           ;
; Generate Raw Binary File (.rbf) For Target Device                           ; Off      ; Off           ;
; Generate Hexadecimal (Intel-Format) Output File (.hexout) for Target Device ; Off      ; Off           ;
; Hexadecimal Output File start address                                       ; 0        ; 0             ;
; Hexadecimal Output File count direction                                     ; Up       ; Up            ;
; Release clears before tri-states                                            ; Off      ; Off           ;
; Auto-restart configuration after error                                      ; On       ; On            ;
; Maintain Compatibility with All Cyclone II M4K Versions                     ; On       ; On            ;
; Generate Serial Vector Format File (.svf) for Target Device                 ; Off      ; Off           ;
; Generate a JEDEC STAPL Format File (.jam) for Target Device                 ; Off      ; Off           ;
; Generate a compressed Jam STAPL Byte Code 2.0 File (.jbc) for Target Device ; Off      ; Off           ;
; Generate a compressed Jam STAPL Byte Code 2.0 File (.jbc) for Target Device ; On       ; On            ;
+-----------------------------------------------------------------------------+----------+---------------+


+-----------------------------------------------------------------------+
; Assembler Generated Files                                             ;
+-----------------------------------------------------------------------+
; File Name                                                             ;
+-----------------------------------------------------------------------+
; C:/Users/localadmin/Desktop/Spectroscopy/FPGA/CII_Starter_USB_API.sof ;
; C:/Users/localadmin/Desktop/Spectroscopy/FPGA/CII_Starter_USB_API.pof ;
+-----------------------------------------------------------------------+


+-------------------------------------------------------------------------------------------------+
; Assembler Device Options: C:/Users/localadmin/Desktop/Spectroscopy/FPGA/CII_Starter_USB_API.sof ;
+----------------+--------------------------------------------------------------------------------+
; Option         ; Setting                                                                        ;
+----------------+--------------------------------------------------------------------------------+
; Device         ; EP2C20F484C7                                                                   ;
; JTAG usercode  ; 0xFFFFFFFF                                                                     ;
; Checksum       ; 0x00306083                                                                     ;
+----------------+--------------------------------------------------------------------------------+


+-------------------------------------------------------------------------------------------------+
; Assembler Device Options: C:/Users/localadmin/Desktop/Spectroscopy/FPGA/CII_Starter_USB_API.pof ;
+--------------------+----------------------------------------------------------------------------+
; Option             ; Setting                                                                    ;
+--------------------+----------------------------------------------------------------------------+
; Device             ; EPCS4                                                                      ;
; JTAG usercode      ; 0x00000000                                                                 ;
; Checksum           ; 0x05D17DD0                                                                 ;
; Compression Ratio  ; 2                                                                          ;
+--------------------+----------------------------------------------------------------------------+


+--------------------+
; Assembler Messages ;
+--------------------+
Info: *******************************************************************
Info: Running Quartus II Assembler
    Info: Version 11.0 Build 208 07/03/2011 Service Pack 1 SJ Web Edition
    Info: Processing started: Thu Mar 06 21:08:11 2014
Info: Command: quartus_asm --read_settings_files=off --write_settings_files=off CII_Starter_USB_API -c CII_Starter_USB_API
Critical Warning: Setting INCREMENTAL_COMPILATION to "OFF" is no longer supported. Assignment is ignored. To disable partitions, set the IGNORE_PARTITIONS global assignment to "ON" instead.
Info: Writing out detailed assembly data for power analysis
Info: Assembler is generating device programming files
Info: Quartus II Assembler was successful. 0 errors, 1 warning
    Info: Peak virtual memory: 274 megabytes
    Info: Processing ended: Thu Mar 06 21:08:15 2014
    Info: Elapsed time: 00:00:04
    Info: Total CPU time (on all processors): 00:00:03


