Flow report for CII_Starter_USB_API
Fri Jul 12 15:59:25 2013
Quartus II Version 11.0 Build 208 07/03/2011 Service Pack 1 SJ Web Edition


---------------------
; Table of Contents ;
---------------------
  1. Legal Notice
  2. Flow Summary
  3. Flow Settings
  4. Flow Non-Default Global Settings
  5. Flow Elapsed Time
  6. Flow OS Summary
  7. Flow Log



----------------
; Legal Notice ;
----------------
Copyright (C) 1991-2011 Altera Corporation
Your use of Altera Corporation's design tools, logic functions 
and other software and tools, and its AMPP partner logic 
functions, and any output files from any of the foregoing 
(including device programming or simulation files), and any 
associated documentation or information are expressly subject 
to the terms and conditions of the Altera Program License 
Subscription Agreement, Altera MegaCore Function License 
Agreement, or other applicable license agreement, including, 
without limitation, that your use is for the sole purpose of 
programming logic devices manufactured by Altera and sold by 
Altera or its authorized distributors.  Please refer to the 
applicable agreement for further details.



+------------------------------------------------------------------------------------+
; Flow Summary                                                                       ;
+------------------------------------+-----------------------------------------------+
; Flow Status                        ; Successful - Fri Jul 12 15:59:25 2013         ;
; Quartus II Version                 ; 11.0 Build 208 07/03/2011 SP 1 SJ Web Edition ;
; Revision Name                      ; CII_Starter_USB_API                           ;
; Top-level Entity Name              ; CPU                                           ;
; Family                             ; Cyclone II                                    ;
; Device                             ; EP2C20F484C7                                  ;
; Timing Models                      ; Final                                         ;
; Total logic elements               ; N/A until Partition Merge                     ;
;     Total combinational functions  ; N/A until Partition Merge                     ;
;     Dedicated logic registers      ; N/A until Partition Merge                     ;
; Total registers                    ; N/A until Partition Merge                     ;
; Total pins                         ; N/A until Partition Merge                     ;
; Total virtual pins                 ; N/A until Partition Merge                     ;
; Total memory bits                  ; N/A until Partition Merge                     ;
; Embedded Multiplier 9-bit elements ; N/A until Partition Merge                     ;
; Total PLLs                         ; N/A until Partition Merge                     ;
+------------------------------------+-----------------------------------------------+


+-----------------------------------------+
; Flow Settings                           ;
+-------------------+---------------------+
; Option            ; Setting             ;
+-------------------+---------------------+
; Start date & time ; 07/12/2013 15:59:13 ;
; Main task         ; Compilation         ;
; Revision Name     ; CII_Starter_USB_API ;
+-------------------+---------------------+


+----------------------------------------------------------------------------------------------------------------------------------+
; Flow Non-Default Global Settings                                                                                                 ;
+---------------------------------------------------+-----------------------------+---------------------+-------------+------------+
; Assignment Name                                   ; Value                       ; Default Value       ; Entity Name ; Section Id ;
+---------------------------------------------------+-----------------------------+---------------------+-------------+------------+
; ADV_NETLIST_OPT_SYNTH_GATE_RETIME                 ; On                          ; Off                 ; --          ; --         ;
; ADV_NETLIST_OPT_SYNTH_WYSIWYG_REMAP               ; On                          ; Off                 ; --          ; --         ;
; AUTO_PACKED_REGISTERS_STRATIXII                   ; Normal                      ; Auto                ; --          ; --         ;
; COMPILER_SIGNATURE_ID                             ; 68693530300.137364115305664 ; --                  ; --          ; --         ;
; CYCLONEII_OPTIMIZATION_TECHNIQUE                  ; Speed                       ; Balanced            ; --          ; --         ;
; ENABLE_DRC_SETTINGS                               ; On                          ; Off                 ; --          ; --         ;
; ENABLE_SIGNALTAP                                  ; Off                         ; --                  ; --          ; --         ;
; MAX_CORE_JUNCTION_TEMP                            ; 85                          ; --                  ; --          ; --         ;
; MIN_CORE_JUNCTION_TEMP                            ; 0                           ; --                  ; --          ; --         ;
; OPTIMIZE_MULTI_CORNER_TIMING                      ; On                          ; Off                 ; --          ; --         ;
; PARTITION_COLOR                                   ; 16764057                    ; --                  ; CPU         ; Top        ;
; PARTITION_FITTER_PRESERVATION_LEVEL               ; PLACEMENT_AND_ROUTING       ; --                  ; CPU         ; Top        ;
; PARTITION_NETLIST_TYPE                            ; SOURCE                      ; --                  ; CPU         ; Top        ;
; PHYSICAL_SYNTHESIS_ASYNCHRONOUS_SIGNAL_PIPELINING ; On                          ; Off                 ; --          ; --         ;
; PHYSICAL_SYNTHESIS_COMBO_LOGIC                    ; On                          ; Off                 ; --          ; --         ;
; PHYSICAL_SYNTHESIS_EFFORT                         ; Extra                       ; Normal              ; --          ; --         ;
; PHYSICAL_SYNTHESIS_REGISTER_DUPLICATION           ; On                          ; Off                 ; --          ; --         ;
; PHYSICAL_SYNTHESIS_REGISTER_RETIMING              ; On                          ; Off                 ; --          ; --         ;
; POWER_BOARD_THERMAL_MODEL                         ; None (CONSERVATIVE)         ; --                  ; --          ; --         ;
; POWER_PRESET_COOLING_SOLUTION                     ; No Heat Sink With Still Air ; --                  ; --          ; --         ;
; ROUTER_TIMING_OPTIMIZATION_LEVEL                  ; MAXIMUM                     ; Normal              ; --          ; --         ;
; SMART_RECOMPILE                                   ; On                          ; Off                 ; --          ; --         ;
; TOP_LEVEL_ENTITY                                  ; CPU                         ; CII_Starter_USB_API ; --          ; --         ;
+---------------------------------------------------+-----------------------------+---------------------+-------------+------------+


+----------------------------------------------------------------------------------------------------------------------------+
; Flow Elapsed Time                                                                                                          ;
+------------------------+--------------+-------------------------+---------------------+------------------------------------+
; Module Name            ; Elapsed Time ; Average Processors Used ; Peak Virtual Memory ; Total CPU Time (on all processors) ;
+------------------------+--------------+-------------------------+---------------------+------------------------------------+
; Analysis & Elaboration ; 00:00:13     ; 1.0                     ; 302 MB              ; 00:00:08                           ;
; Total                  ; 00:00:13     ; --                      ; --                  ; 00:00:08                           ;
+------------------------+--------------+-------------------------+---------------------+------------------------------------+


+-------------------------------------------------------------------------------------+
; Flow OS Summary                                                                     ;
+------------------------+------------------+-----------+------------+----------------+
; Module Name            ; Machine Hostname ; OS Name   ; OS Version ; Processor type ;
+------------------------+------------------+-----------+------------+----------------+
; Analysis & Elaboration ; ph-rct2          ; Windows 7 ; 6.1        ; x86_64         ;
+------------------------+------------------+-----------+------------+----------------+


------------
; Flow Log ;
------------
quartus_map --read_settings_files=on --write_settings_files=off CII_Starter_USB_API -c CII_Starter_USB_API --analysis_and_elaboration



